\BOOKMARK [0][-]{init.0}{Front Page}{}% 1
\BOOKMARK [0][-]{chapter.1}{1 Introduction}{}% 2
\BOOKMARK [1][-]{section.1.1}{1.1 Context and motivation}{chapter.1}% 3
\BOOKMARK [1][-]{section.1.2}{1.2 Document structure}{chapter.1}% 4
\BOOKMARK [0][-]{chapter.2}{2 Railways Remote Monitoring Systems}{}% 5
\BOOKMARK [1][-]{section.2.1}{2.1 Smart Meters}{chapter.2}% 6
\BOOKMARK [1][-]{section.2.2}{2.2 Synthesis}{chapter.2}% 7
\BOOKMARK [0][-]{chapter.3}{3 Outliers Detection}{}% 8
\BOOKMARK [1][-]{section.3.1}{3.1 Definition of outlier detection}{chapter.3}% 9
\BOOKMARK [1][-]{section.3.2}{3.2 Outlier detection in WSNs}{chapter.3}% 10
\BOOKMARK [2][-]{subsection.3.2.1}{3.2.1 Motivation}{section.3.2}% 11
\BOOKMARK [2][-]{subsection.3.2.2}{3.2.2 Research areas}{section.3.2}% 12
\BOOKMARK [2][-]{subsection.3.2.3}{3.2.3 Challenges}{section.3.2}% 13
\BOOKMARK [1][-]{section.3.3}{3.3 Classification of outlier}{chapter.3}% 14
\BOOKMARK [1][-]{section.3.4}{3.4 Taxonomy of Outlier Detection Techniques}{chapter.3}% 15
\BOOKMARK [1][-]{section.3.5}{3.5 Classification based techniques}{chapter.3}% 16
\BOOKMARK [2][-]{subsection.3.5.1}{3.5.1 Bayesian Networks}{section.3.5}% 17
\BOOKMARK [2][-]{subsection.3.5.2}{3.5.2 Rule-based techniques}{section.3.5}% 18
\BOOKMARK [2][-]{subsection.3.5.3}{3.5.3 Support Vector Machines}{section.3.5}% 19
\BOOKMARK [1][-]{section.3.6}{3.6 Statistical based techniques}{chapter.3}% 20
\BOOKMARK [2][-]{subsection.3.6.1}{3.6.1 Parametric \204 Gaussian based}{section.3.6}% 21
\BOOKMARK [2][-]{subsection.3.6.2}{3.6.2 Non-parametric \204 Histogram based}{section.3.6}% 22
\BOOKMARK [2][-]{subsection.3.6.3}{3.6.3 Non-parametric \204 Kernel function based}{section.3.6}% 23
\BOOKMARK [1][-]{section.3.7}{3.7 Nearest Neighbor-based techniques}{chapter.3}% 24
\BOOKMARK [2][-]{subsection.3.7.1}{3.7.1 Using distance}{section.3.7}% 25
\BOOKMARK [2][-]{subsection.3.7.2}{3.7.2 Using relative density}{section.3.7}% 26
\BOOKMARK [1][-]{section.3.8}{3.8 Clustering based techniques}{chapter.3}% 27
\BOOKMARK [1][-]{section.3.9}{3.9 Spectral Decomposition based techniques}{chapter.3}% 28
\BOOKMARK [0][-]{chapter.4}{4 Future Research}{}% 29
\BOOKMARK [1][-]{section.4.1}{4.1 Outliers detection definition}{chapter.4}% 30
\BOOKMARK [1][-]{section.4.2}{4.2 Synthesis}{chapter.4}% 31
\BOOKMARK [0][-]{chapter.5}{5 Conclusion}{}% 32
